

 Fri Jul 10 2020 16:39:11 GMT+0530 (India Standard Time) 
	test

 Fri Jul 10 2020 16:40:59 GMT+0530 (India Standard Time) 
	Function - isEmailVerified, 
	TypeError: req.body.toLowerCase is not a function}

 Fri Jul 10 2020 16:41:07 GMT+0530 (India Standard Time) 
	Function - isEmailVerified, 
	TypeError: req.body.toLowerCase is not a function}

 Fri Jul 10 2020 16:54:41 GMT+0530 (India Standard Time) 
	Function - login
	Error: Incorrect Password}

 Fri Jul 10 2020 17:01:39 GMT+0530 (India Standard Time) 
	Function - isEmailVerified, 
	MongoServerSelectionError: connect ENETUNREACH 34.93.240.117:27017 - Local (0.0.0.0:0)

 Fri Jul 10 2020 17:03:00 GMT+0530 (India Standard Time) 
	Cannot Connect To DataBase

 Fri Jul 10 2020 17:04:51 GMT+0530 (India Standard Time) 
	Cannot Connect To DataBase

 Fri Jul 10 2020 17:28:08 GMT+0530 (India Standard Time) 
	Cannot Connect To DataBase

 Fri Jul 10 2020 17:44:49 GMT+0530 (India Standard Time) 
	Function - isEmailVerified, 
	MongoServerSelectionError: connect ENETUNREACH 34.93.240.117:27017 - Local (0.0.0.0:0)

 Fri Jul 10 2020 17:50:34 GMT+0530 (India Standard Time) 
	Route - /login

 Fri Jul 10 2020 17:51:34 GMT+0530 (India Standard Time) 
	Route - /login
	function Error() { [native code] }

 Fri Jul 10 2020 17:52:29 GMT+0530 (India Standard Time) 
	Route - /login
	undefined

 Fri Jul 10 2020 17:53:04 GMT+0530 (India Standard Time) 
	Route - /login
	{}

 Sat Jul 11 2020 11:48:09 GMT+0530 (India Standard Time) 
	Route - /signup
	{}